<?xml version="1.0" encoding="UTF-8" ?>
<testsuite failures="0" time="2.592" errors="0" skipped="0" tests="1" name="org.globus.gsi.jsse.SSLConfiguratorTest">
  <properties>
    <property name="java.runtime.name" value="Java(TM) SE Runtime Environment"/>
    <property name="sun.boot.library.path" value="/System/Library/Frameworks/JavaVM.framework/Versions/1.6.0/Libraries"/>
    <property name="java.vm.version" value="16.3-b01-279"/>
    <property name="awt.nativeDoubleBuffering" value="true"/>
    <property name="gopherProxySet" value="false"/>
    <property name="mrj.build" value="9M3165"/>
    <property name="java.vm.vendor" value="Apple Inc."/>
    <property name="java.vendor.url" value="http://www.apple.com/"/>
    <property name="path.separator" value=":"/>
    <property name="java.vm.name" value="Java HotSpot(TM) 64-Bit Server VM"/>
    <property name="file.encoding.pkg" value="sun.io"/>
    <property name="user.country" value="US"/>
    <property name="sun.java.launcher" value="SUN_STANDARD"/>
    <property name="sun.os.patch.level" value="unknown"/>
    <property name="java.vm.specification.name" value="Java Virtual Machine Specification"/>
    <property name="user.dir" value="/Users/martinfeller/Programming/Eclipse/JGlobus/jsse"/>
    <property name="java.runtime.version" value="1.6.0_20-b02-279-9M3165"/>
    <property name="java.awt.graphicsenv" value="apple.awt.CGraphicsEnvironment"/>
    <property name="basedir" value="/Users/martinfeller/Programming/Eclipse/JGlobus/jsse"/>
    <property name="java.endorsed.dirs" value="/System/Library/Frameworks/JavaVM.framework/Versions/1.6.0/Home/lib/endorsed"/>
    <property name="os.arch" value="x86_64"/>
    <property name="surefire.real.class.path" value="/var/folders/Lh/LhY23gJJF5e8SQn8h4NMz++++TI/-Tmp-/surefirebooter8843277495129022778.jar"/>
    <property name="java.io.tmpdir" value="/var/folders/Lh/LhY23gJJF5e8SQn8h4NMz++++TI/-Tmp-/"/>
    <property name="line.separator" value="
"/>
    <property name="java.vm.specification.vendor" value="Sun Microsystems Inc."/>
    <property name="os.name" value="Mac OS X"/>
    <property name="sun.jnu.encoding" value="MacRoman"/>
    <property name="java.library.path" value=":/opt/globus-client-5.0.0.rc3-r1/lib:.:/Library/Java/Extensions:/System/Library/Java/Extensions:/usr/lib/java"/>
    <property name="surefire.test.class.path" value="/Users/martinfeller/Programming/Eclipse/JGlobus/jsse/target/test-classes:/Users/martinfeller/Programming/Eclipse/JGlobus/jsse/target/classes:/Users/martinfeller/.m2/repository/commons-logging/commons-logging/1.1.1/commons-logging-1.1.1.jar:/Users/martinfeller/.m2/repository/log4j/log4j/1.2.14/log4j-1.2.14.jar:/Users/martinfeller/.m2/repository/junit/junit/4.8.1/junit-4.8.1.jar:/Users/martinfeller/Programming/Eclipse/JGlobus/ssl-proxies/target/classes:/Users/martinfeller/.m2/repository/com/claymoresystems/puretls/1.0-unreleased/puretls-1.0-unreleased.jar:/Users/martinfeller/.m2/repository/org/cryptix/cryptix/1.0/cryptix-1.0.jar:/Users/martinfeller/.m2/repository/org/cryptix/cryptix-asn1/1.0/cryptix-asn1-1.0.jar:/Users/martinfeller/.m2/repository/org/cryptix/cryptix32/1.0/cryptix32-1.0.jar:/Users/martinfeller/.m2/repository/org/bouncycastle/bcprov-jdk15/1.45/bcprov-jdk15-1.45.jar:/Users/martinfeller/.m2/repository/commons-io/commons-io/1.4/commons-io-1.4.jar:/Users/martinfeller/.m2/repository/commons-codec/commons-codec/1.4/commons-codec-1.4.jar:/Users/martinfeller/.m2/repository/commons-lang/commons-lang/2.4/commons-lang-2.4.jar:/Users/martinfeller/.m2/repository/org/springframework/org.springframework.core/3.0.1.RELEASE-A/org.springframework.core-3.0.1.RELEASE-A.jar:"/>
    <property name="java.specification.name" value="Java Platform API Specification"/>
    <property name="java.class.version" value="50.0"/>
    <property name="sun.management.compiler" value="HotSpot 64-Bit Server Compiler"/>
    <property name="os.version" value="10.5.8"/>
    <property name="user.home" value="/Users/martinfeller"/>
    <property name="user.timezone" value="America/Chicago"/>
    <property name="java.awt.printerjob" value="apple.awt.CPrinterJob"/>
    <property name="java.specification.version" value="1.6"/>
    <property name="file.encoding" value="MacRoman"/>
    <property name="user.name" value="martinfeller"/>
    <property name="java.class.path" value="/Users/martinfeller/Programming/Eclipse/JGlobus/jsse/target/test-classes:/Users/martinfeller/Programming/Eclipse/JGlobus/jsse/target/classes:/Users/martinfeller/.m2/repository/commons-logging/commons-logging/1.1.1/commons-logging-1.1.1.jar:/Users/martinfeller/.m2/repository/log4j/log4j/1.2.14/log4j-1.2.14.jar:/Users/martinfeller/.m2/repository/junit/junit/4.8.1/junit-4.8.1.jar:/Users/martinfeller/Programming/Eclipse/JGlobus/ssl-proxies/target/classes:/Users/martinfeller/.m2/repository/com/claymoresystems/puretls/1.0-unreleased/puretls-1.0-unreleased.jar:/Users/martinfeller/.m2/repository/org/cryptix/cryptix/1.0/cryptix-1.0.jar:/Users/martinfeller/.m2/repository/org/cryptix/cryptix-asn1/1.0/cryptix-asn1-1.0.jar:/Users/martinfeller/.m2/repository/org/cryptix/cryptix32/1.0/cryptix32-1.0.jar:/Users/martinfeller/.m2/repository/org/bouncycastle/bcprov-jdk15/1.45/bcprov-jdk15-1.45.jar:/Users/martinfeller/.m2/repository/commons-io/commons-io/1.4/commons-io-1.4.jar:/Users/martinfeller/.m2/repository/commons-codec/commons-codec/1.4/commons-codec-1.4.jar:/Users/martinfeller/.m2/repository/commons-lang/commons-lang/2.4/commons-lang-2.4.jar:/Users/martinfeller/.m2/repository/org/springframework/org.springframework.core/3.0.1.RELEASE-A/org.springframework.core-3.0.1.RELEASE-A.jar:"/>
    <property name="java.vm.specification.version" value="1.0"/>
    <property name="sun.arch.data.model" value="64"/>
    <property name="java.home" value="/System/Library/Frameworks/JavaVM.framework/Versions/1.6.0/Home"/>
    <property name="java.specification.vendor" value="Sun Microsystems Inc."/>
    <property name="user.language" value="en"/>
    <property name="awt.toolkit" value="apple.awt.CToolkit"/>
    <property name="java.vm.info" value="mixed mode"/>
    <property name="java.version" value="1.6.0_20"/>
    <property name="java.ext.dirs" value="/Library/Java/Extensions:/System/Library/Java/Extensions:/System/Library/Frameworks/JavaVM.framework/Versions/1.6.0/Home/lib/ext"/>
    <property name="sun.boot.class.path" value="/System/Library/Frameworks/JavaVM.framework/Versions/1.6.0/Classes/jsfd.jar:/System/Library/Frameworks/JavaVM.framework/Versions/1.6.0/Classes/classes.jar:/System/Library/Frameworks/JavaVM.framework/Frameworks/JavaRuntimeSupport.framework/Resources/Java/JavaRuntimeSupport.jar:/System/Library/Frameworks/JavaVM.framework/Versions/1.6.0/Classes/ui.jar:/System/Library/Frameworks/JavaVM.framework/Versions/1.6.0/Classes/laf.jar:/System/Library/Frameworks/JavaVM.framework/Versions/1.6.0/Classes/sunrsasign.jar:/System/Library/Frameworks/JavaVM.framework/Versions/1.6.0/Classes/jsse.jar:/System/Library/Frameworks/JavaVM.framework/Versions/1.6.0/Classes/jce.jar:/System/Library/Frameworks/JavaVM.framework/Versions/1.6.0/Classes/charsets.jar"/>
    <property name="java.vendor" value="Apple Inc."/>
    <property name="localRepository" value="/Users/martinfeller/.m2/repository"/>
    <property name="file.separator" value="/"/>
    <property name="java.vendor.url.bug" value="http://bugreport.apple.com/"/>
    <property name="sun.cpu.endian" value="little"/>
    <property name="sun.io.unicode.encoding" value="UnicodeLittle"/>
    <property name="mrj.version" value="1050.1.6.0_20-279"/>
    <property name="sun.cpu.isalist" value=""/>
  </properties>
  <testcase time="2.435" classname="org.globus.gsi.jsse.SSLConfiguratorTest" name="testConfig"/>
</testsuite>